\BOOKMARK [0][-]{chapter.1}{\376\377\0001\000\040\000H\000i\000e\000r\000a\000r\000c\000h\000i\000c\000a\000l\000\040\000I\000n\000d\000e\000x}{}% 1
\BOOKMARK [1][-]{section.1.1}{\376\377\0001\000.\0001\000\040\000C\000l\000a\000s\000s\000\040\000H\000i\000e\000r\000a\000r\000c\000h\000y}{chapter.1}% 2
\BOOKMARK [0][-]{chapter.2}{\376\377\0002\000\040\000C\000l\000a\000s\000s\000\040\000I\000n\000d\000e\000x}{}% 3
\BOOKMARK [1][-]{section.2.1}{\376\377\0002\000.\0001\000\040\000C\000l\000a\000s\000s\000\040\000L\000i\000s\000t}{chapter.2}% 4
\BOOKMARK [0][-]{chapter.3}{\376\377\0003\000\040\000C\000l\000a\000s\000s\000\040\000D\000o\000c\000u\000m\000e\000n\000t\000a\000t\000i\000o\000n}{}% 5
\BOOKMARK [1][-]{section.3.1}{\376\377\0003\000.\0001\000\040\000A\000n\000e\000l\000a\000s\000t\000i\000c\000<\000\040\000c\000a\000s\000e\000\137\000c\000t\000\137\000p\000a\000r\000a\000m\000s\000\137\000t\000,\000\040\000n\000\137\000d\000i\000m\000s\000\040\000>}{chapter.3}% 6
\BOOKMARK [2][-]{subsection.3.1.1}{\376\377\0003\000.\0001\000.\0001\000\040\000D\000e\000t\000a\000i\000l\000e\000d\000\040\000D\000e\000s\000c\000r\000i\000p\000t\000i\000o\000n}{section.3.1}% 7
\BOOKMARK [2][-]{subsection.3.1.2}{\376\377\0003\000.\0001\000.\0002\000\040\000M\000e\000m\000b\000e\000r\000\040\000F\000u\000n\000c\000t\000i\000o\000n\000\040\000D\000o\000c\000u\000m\000e\000n\000t\000a\000t\000i\000o\000n}{section.3.1}% 8
\BOOKMARK [3][-]{subsubsection.3.1.2.1}{\376\377\0003\000.\0001\000.\0002\000.\0001\000\040\000e\000n\000v\000\137\000p\000r\000o\000f\000\050\000\051}{subsection.3.1.2}% 9
\BOOKMARK [3][-]{subsubsection.3.1.2.2}{\376\377\0003\000.\0001\000.\0002\000.\0002\000\040\000r\000e\000f\000\137\000p\000r\000o\000f\000\050\000\051}{subsection.3.1.2}% 10
\BOOKMARK [3][-]{subsubsection.3.1.2.3}{\376\377\0003\000.\0001\000.\0002\000.\0003\000\040\000t\000h\000\137\000l\000\050\000\051}{subsection.3.1.2}% 11
\BOOKMARK [1][-]{section.3.2}{\376\377\0003\000.\0002\000\040\000C\000a\000s\000e\000s\000C\000o\000m\000m\000o\000n\000<\000\040\000c\000a\000s\000e\000\137\000c\000t\000\137\000p\000a\000r\000a\000m\000s\000\137\000t\000,\000\040\000n\000\137\000d\000i\000m\000s\000\040\000>}{chapter.3}% 12
\BOOKMARK [2][-]{subsection.3.2.1}{\376\377\0003\000.\0002\000.\0001\000\040\000D\000e\000t\000a\000i\000l\000e\000d\000\040\000D\000e\000s\000c\000r\000i\000p\000t\000i\000o\000n}{section.3.2}% 13
\BOOKMARK [2][-]{subsection.3.2.2}{\376\377\0003\000.\0002\000.\0002\000\040\000M\000e\000m\000b\000e\000r\000\040\000F\000u\000n\000c\000t\000i\000o\000n\000\040\000D\000o\000c\000u\000m\000e\000n\000t\000a\000t\000i\000o\000n}{section.3.2}% 14
\BOOKMARK [3][-]{subsubsection.3.2.2.1}{\376\377\0003\000.\0002\000.\0002\000.\0001\000\040\000s\000e\000t\000o\000p\000t\000s\000\137\000s\000g\000s\000\050\000\051}{subsection.3.2.2}% 15
\BOOKMARK [1][-]{section.3.3}{\376\377\0003\000.\0003\000\040\000R\000i\000c\000o\0001\0001\000C\000o\000m\000m\000o\000n\000<\000\040\000c\000a\000s\000e\000\137\000c\000t\000\137\000p\000a\000r\000a\000m\000s\000\137\000t\000,\000\040\000n\000\137\000d\000i\000m\000s\000\040\000>}{chapter.3}% 16
\BOOKMARK [2][-]{subsection.3.3.1}{\376\377\0003\000.\0003\000.\0001\000\040\000D\000e\000t\000a\000i\000l\000e\000d\000\040\000D\000e\000s\000c\000r\000i\000p\000t\000i\000o\000n}{section.3.3}% 17
\BOOKMARK [2][-]{subsection.3.3.2}{\376\377\0003\000.\0003\000.\0002\000\040\000C\000o\000n\000s\000t\000r\000u\000c\000t\000o\000r\000\040\000\046\000\040\000D\000e\000s\000t\000r\000u\000c\000t\000o\000r\000\040\000D\000o\000c\000u\000m\000e\000n\000t\000a\000t\000i\000o\000n}{section.3.3}% 18
\BOOKMARK [3][-]{subsubsection.3.3.2.1}{\376\377\0003\000.\0003\000.\0002\000.\0001\000\040\000R\000i\000c\000o\0001\0001\000C\000o\000m\000m\000o\000n\000\050\000\051}{subsection.3.3.2}% 19
\BOOKMARK [2][-]{subsection.3.3.3}{\376\377\0003\000.\0003\000.\0003\000\040\000M\000e\000m\000b\000e\000r\000\040\000F\000u\000n\000c\000t\000i\000o\000n\000\040\000D\000o\000c\000u\000m\000e\000n\000t\000a\000t\000i\000o\000n}{section.3.3}% 20
\BOOKMARK [3][-]{subsubsection.3.3.3.1}{\376\377\0003\000.\0003\000.\0003\000.\0001\000\040\000i\000n\000t\000c\000o\000n\000d\000\137\000h\000l\000p\000r\000\050\000\051}{subsection.3.3.3}% 21
\BOOKMARK [1][-]{section.3.4}{\376\377\0003\000.\0004\000\040\000s\000l\000v\000r\000\137\000b\000l\000k\000\137\0001\000m\000\137\0002\000D}{chapter.3}% 22
\BOOKMARK [2][-]{subsection.3.4.1}{\376\377\0003\000.\0004\000.\0001\000\040\000D\000e\000t\000a\000i\000l\000e\000d\000\040\000D\000e\000s\000c\000r\000i\000p\000t\000i\000o\000n}{section.3.4}% 23
\BOOKMARK [1][-]{section.3.5}{\376\377\0003\000.\0005\000\040\000s\000l\000v\000r\000\137\000b\000l\000k\000\137\0001\000m\000\137\0003\000D}{chapter.3}% 24
\BOOKMARK [2][-]{subsection.3.5.1}{\376\377\0003\000.\0005\000.\0001\000\040\000D\000e\000t\000a\000i\000l\000e\000d\000\040\000D\000e\000s\000c\000r\000i\000p\000t\000i\000o\000n}{section.3.5}% 25
\BOOKMARK [1][-]{section.3.6}{\376\377\0003\000.\0006\000\040\000s\000l\000v\000r\000\137\000b\000l\000k\000\137\0001\000m\000\137\000c\000o\000m\000m\000o\000n\000<\000\040\000c\000t\000\137\000p\000a\000r\000a\000m\000s\000\137\000t\000\040\000>}{chapter.3}% 26
\BOOKMARK [2][-]{subsection.3.6.1}{\376\377\0003\000.\0006\000.\0001\000\040\000D\000e\000t\000a\000i\000l\000e\000d\000\040\000D\000e\000s\000c\000r\000i\000p\000t\000i\000o\000n}{section.3.6}% 27
\BOOKMARK [2][-]{subsection.3.6.2}{\376\377\0003\000.\0006\000.\0002\000\040\000M\000e\000m\000b\000e\000r\000\040\000F\000u\000n\000c\000t\000i\000o\000n\000\040\000D\000o\000c\000u\000m\000e\000n\000t\000a\000t\000i\000o\000n}{section.3.6}% 28
\BOOKMARK [3][-]{subsubsection.3.6.2.1}{\376\377\0003\000.\0006\000.\0002\000.\0001\000\040\000r\000c\000\137\000s\000r\000c\000\050\000\051}{subsection.3.6.2}% 29
\BOOKMARK [3][-]{subsubsection.3.6.2.2}{\376\377\0003\000.\0006\000.\0002\000.\0002\000\040\000r\000r\000\137\000s\000r\000c\000\050\000\051}{subsection.3.6.2}% 30
\BOOKMARK [3][-]{subsubsection.3.6.2.3}{\376\377\0003\000.\0006\000.\0002\000.\0003\000\040\000u\000p\000d\000a\000t\000e\000\137\000r\000h\000s\000\050\000\051}{subsection.3.6.2}% 31
\BOOKMARK [1][-]{section.3.7}{\376\377\0003\000.\0007\000\040\000s\000l\000v\000r\000\137\000b\000l\000k\000\137\0002\000m\000\137\0002\000D}{chapter.3}% 32
\BOOKMARK [2][-]{subsection.3.7.1}{\376\377\0003\000.\0007\000.\0001\000\040\000D\000e\000t\000a\000i\000l\000e\000d\000\040\000D\000e\000s\000c\000r\000i\000p\000t\000i\000o\000n}{section.3.7}% 33
\BOOKMARK [1][-]{section.3.8}{\376\377\0003\000.\0008\000\040\000s\000l\000v\000r\000\137\000b\000l\000k\000\137\0002\000m\000\137\0003\000D}{chapter.3}% 34
\BOOKMARK [2][-]{subsection.3.8.1}{\376\377\0003\000.\0008\000.\0001\000\040\000D\000e\000t\000a\000i\000l\000e\000d\000\040\000D\000e\000s\000c\000r\000i\000p\000t\000i\000o\000n}{section.3.8}% 35
\BOOKMARK [1][-]{section.3.9}{\376\377\0003\000.\0009\000\040\000s\000l\000v\000r\000\137\000b\000l\000k\000\137\0002\000m\000\137\000c\000o\000m\000m\000o\000n\000<\000\040\000c\000t\000\137\000p\000a\000r\000a\000m\000s\000\137\000t\000\040\000>}{chapter.3}% 36
\BOOKMARK [2][-]{subsection.3.9.1}{\376\377\0003\000.\0009\000.\0001\000\040\000D\000e\000t\000a\000i\000l\000e\000d\000\040\000D\000e\000s\000c\000r\000i\000p\000t\000i\000o\000n}{section.3.9}% 37
\BOOKMARK [2][-]{subsection.3.9.2}{\376\377\0003\000.\0009\000.\0002\000\040\000C\000o\000n\000s\000t\000r\000u\000c\000t\000o\000r\000\040\000\046\000\040\000D\000e\000s\000t\000r\000u\000c\000t\000o\000r\000\040\000D\000o\000c\000u\000m\000e\000n\000t\000a\000t\000i\000o\000n}{section.3.9}% 38
\BOOKMARK [3][-]{subsubsection.3.9.2.1}{\376\377\0003\000.\0009\000.\0002\000.\0001\000\040\000s\000l\000v\000r\000\137\000b\000l\000k\000\137\0002\000m\000\137\000c\000o\000m\000m\000o\000n\000\050\000\051}{subsection.3.9.2}% 39
\BOOKMARK [2][-]{subsection.3.9.3}{\376\377\0003\000.\0009\000.\0003\000\040\000M\000e\000m\000b\000e\000r\000\040\000F\000u\000n\000c\000t\000i\000o\000n\000\040\000D\000o\000c\000u\000m\000e\000n\000t\000a\000t\000i\000o\000n}{section.3.9}% 40
\BOOKMARK [3][-]{subsubsection.3.9.3.1}{\376\377\0003\000.\0009\000.\0003\000.\0001\000\040\000n\000c\000\137\000s\000r\000c\000\050\000\051}{subsection.3.9.3}% 41
\BOOKMARK [3][-]{subsubsection.3.9.3.2}{\376\377\0003\000.\0009\000.\0003\000.\0002\000\040\000n\000r\000\137\000s\000r\000c\000\050\000\051}{subsection.3.9.3}% 42
\BOOKMARK [3][-]{subsubsection.3.9.3.3}{\376\377\0003\000.\0009\000.\0003\000.\0003\000\040\000r\000c\000\137\000s\000r\000c\000\050\000\051}{subsection.3.9.3}% 43
\BOOKMARK [3][-]{subsubsection.3.9.3.4}{\376\377\0003\000.\0009\000.\0003\000.\0004\000\040\000r\000r\000\137\000s\000r\000c\000\050\000\051}{subsection.3.9.3}% 44
\BOOKMARK [3][-]{subsubsection.3.9.3.5}{\376\377\0003\000.\0009\000.\0003\000.\0005\000\040\000u\000p\000d\000a\000t\000e\000\137\000r\000h\000s\000\050\000\051}{subsection.3.9.3}% 45
\BOOKMARK [1][-]{section.3.10}{\376\377\0003\000.\0001\0000\000\040\000s\000l\000v\000r\000\137\000c\000o\000m\000m\000o\000n\000<\000\040\000c\000t\000\137\000p\000a\000r\000a\000m\000s\000\137\000t\000\040\000>}{chapter.3}% 46
\BOOKMARK [2][-]{subsection.3.10.1}{\376\377\0003\000.\0001\0000\000.\0001\000\040\000D\000e\000t\000a\000i\000l\000e\000d\000\040\000D\000e\000s\000c\000r\000i\000p\000t\000i\000o\000n}{section.3.10}% 47
\BOOKMARK [2][-]{subsection.3.10.2}{\376\377\0003\000.\0001\0000\000.\0002\000\040\000M\000e\000m\000b\000e\000r\000\040\000F\000u\000n\000c\000t\000i\000o\000n\000\040\000D\000o\000c\000u\000m\000e\000n\000t\000a\000t\000i\000o\000n}{section.3.10}% 48
\BOOKMARK [3][-]{subsubsection.3.10.2.1}{\376\377\0003\000.\0001\0000\000.\0002\000.\0001\000\040\000g\000e\000t\000\137\000r\000a\000i\000n\000\050\000\051}{subsection.3.10.2}% 49
\BOOKMARK [3][-]{subsubsection.3.10.2.2}{\376\377\0003\000.\0001\0000\000.\0002\000.\0002\000\040\000h\000o\000o\000k\000\137\000a\000n\000t\000e\000\137\000l\000o\000o\000p\000\050\000\051}{subsection.3.10.2}% 50
\BOOKMARK [3][-]{subsubsection.3.10.2.3}{\376\377\0003\000.\0001\0000\000.\0002\000.\0003\000\040\000r\000v\000\137\000s\000r\000c\000\050\000\051}{subsection.3.10.2}% 51
\BOOKMARK [3][-]{subsubsection.3.10.2.4}{\376\377\0003\000.\0001\0000\000.\0002\000.\0004\000\040\000s\000e\000t\000\137\000r\000a\000i\000n\000\050\000\051}{subsection.3.10.2}% 52
\BOOKMARK [3][-]{subsubsection.3.10.2.5}{\376\377\0003\000.\0001\0000\000.\0002\000.\0005\000\040\000t\000h\000\137\000s\000r\000c\000\050\000\051}{subsection.3.10.2}% 53
\BOOKMARK [3][-]{subsubsection.3.10.2.6}{\376\377\0003\000.\0001\0000\000.\0002\000.\0006\000\040\000u\000p\000d\000a\000t\000e\000\137\000r\000h\000s\000\050\000\051}{subsection.3.10.2}% 54
\BOOKMARK [3][-]{subsubsection.3.10.2.7}{\376\377\0003\000.\0001\0000\000.\0002\000.\0007\000\040\000w\000\137\000s\000r\000c\000\050\000\051}{subsection.3.10.2}% 55
\BOOKMARK [1][-]{section.3.11}{\376\377\0003\000.\0001\0001\000\040\000s\000l\000v\000r\000\137\000d\000i\000m\000\137\0002\000D}{chapter.3}% 56
\BOOKMARK [2][-]{subsection.3.11.1}{\376\377\0003\000.\0001\0001\000.\0001\000\040\000D\000e\000t\000a\000i\000l\000e\000d\000\040\000D\000e\000s\000c\000r\000i\000p\000t\000i\000o\000n}{section.3.11}% 57
\BOOKMARK [1][-]{section.3.12}{\376\377\0003\000.\0001\0002\000\040\000s\000l\000v\000r\000\137\000d\000r\000y\000<\000\040\000c\000t\000\137\000p\000a\000r\000a\000m\000s\000\137\000t\000\040\000>}{chapter.3}% 58
\BOOKMARK [2][-]{subsection.3.12.1}{\376\377\0003\000.\0001\0002\000.\0001\000\040\000D\000e\000t\000a\000i\000l\000e\000d\000\040\000D\000e\000s\000c\000r\000i\000p\000t\000i\000o\000n}{section.3.12}% 59
\BOOKMARK [1][-]{section.3.13}{\376\377\0003\000.\0001\0003\000\040\000s\000l\000v\000r\000\137\000l\000g\000r\000n\000g\000n\000<\000\040\000c\000t\000\137\000p\000a\000r\000a\000m\000s\000\137\000t\000\040\000>}{chapter.3}% 60
\BOOKMARK [2][-]{subsection.3.13.1}{\376\377\0003\000.\0001\0003\000.\0001\000\040\000D\000e\000t\000a\000i\000l\000e\000d\000\040\000D\000e\000s\000c\000r\000i\000p\000t\000i\000o\000n}{section.3.13}% 61
\BOOKMARK [2][-]{subsection.3.13.2}{\376\377\0003\000.\0001\0003\000.\0002\000\040\000C\000o\000n\000s\000t\000r\000u\000c\000t\000o\000r\000\040\000\046\000\040\000D\000e\000s\000t\000r\000u\000c\000t\000o\000r\000\040\000D\000o\000c\000u\000m\000e\000n\000t\000a\000t\000i\000o\000n}{section.3.13}% 62
\BOOKMARK [3][-]{subsubsection.3.13.2.1}{\376\377\0003\000.\0001\0003\000.\0002\000.\0001\000\040\000s\000l\000v\000r\000\137\000l\000g\000r\000n\000g\000n\000\050\000\051}{subsection.3.13.2}% 63
\BOOKMARK [2][-]{subsection.3.13.3}{\376\377\0003\000.\0001\0003\000.\0003\000\040\000M\000e\000m\000b\000e\000r\000\040\000F\000u\000n\000c\000t\000i\000o\000n\000\040\000D\000o\000c\000u\000m\000e\000n\000t\000a\000t\000i\000o\000n}{section.3.13}% 64
\BOOKMARK [3][-]{subsubsection.3.13.3.1}{\376\377\0003\000.\0001\0003\000.\0003\000.\0001\000\040\000a\000l\000l\000o\000c\000\050\000\051}{subsection.3.13.3}% 65
\BOOKMARK [3][-]{subsubsection.3.13.3.2}{\376\377\0003\000.\0001\0003\000.\0003\000.\0002\000\040\000h\000o\000o\000k\000\137\000a\000n\000t\000e\000\137\000l\000o\000o\000p\000\050\000\051}{subsection.3.13.3}% 66
\BOOKMARK [3][-]{subsubsection.3.13.3.3}{\376\377\0003\000.\0001\0003\000.\0003\000.\0003\000\040\000h\000o\000o\000k\000\137\000a\000n\000t\000e\000\137\000s\000t\000e\000p\000\050\000\051}{subsection.3.13.3}% 67
\BOOKMARK [1][-]{section.3.14}{\376\377\0003\000.\0001\0004\000\040\000s\000l\000v\000r\000\137\000p\000i\000g\000g\000y\000\137\000d\000r\000i\000v\000e\000r}{chapter.3}% 68
\BOOKMARK [2][-]{subsection.3.14.1}{\376\377\0003\000.\0001\0004\000.\0001\000\040\000D\000e\000t\000a\000i\000l\000e\000d\000\040\000D\000e\000s\000c\000r\000i\000p\000t\000i\000o\000n}{section.3.14}% 69
\BOOKMARK [1][-]{section.3.15}{\376\377\0003\000.\0001\0005\000\040\000s\000l\000v\000r\000\137\000p\000i\000g\000g\000y\000\137\000p\000i\000g\000g\000y\000b\000a\000c\000k\000e\000r}{chapter.3}% 70
\BOOKMARK [2][-]{subsection.3.15.1}{\376\377\0003\000.\0001\0005\000.\0001\000\040\000D\000e\000t\000a\000i\000l\000e\000d\000\040\000D\000e\000s\000c\000r\000i\000p\000t\000i\000o\000n}{section.3.15}% 71
\BOOKMARK [1][-]{section.3.16}{\376\377\0003\000.\0001\0006\000\040\000s\000l\000v\000r\000\137\000s\000g\000s\000<\000\040\000c\000t\000\137\000p\000a\000r\000a\000m\000s\000\137\000t\000\040\000>}{chapter.3}% 72
\BOOKMARK [2][-]{subsection.3.16.1}{\376\377\0003\000.\0001\0006\000.\0001\000\040\000D\000e\000t\000a\000i\000l\000e\000d\000\040\000D\000e\000s\000c\000r\000i\000p\000t\000i\000o\000n}{section.3.16}% 73
\BOOKMARK [2][-]{subsection.3.16.2}{\376\377\0003\000.\0001\0006\000.\0002\000\040\000C\000o\000n\000s\000t\000r\000u\000c\000t\000o\000r\000\040\000\046\000\040\000D\000e\000s\000t\000r\000u\000c\000t\000o\000r\000\040\000D\000o\000c\000u\000m\000e\000n\000t\000a\000t\000i\000o\000n}{section.3.16}% 74
\BOOKMARK [3][-]{subsubsection.3.16.2.1}{\376\377\0003\000.\0001\0006\000.\0002\000.\0001\000\040\000s\000l\000v\000r\000\137\000s\000g\000s\000\050\000\051}{subsection.3.16.2}% 75
\BOOKMARK [2][-]{subsection.3.16.3}{\376\377\0003\000.\0001\0006\000.\0003\000\040\000M\000e\000m\000b\000e\000r\000\040\000F\000u\000n\000c\000t\000i\000o\000n\000\040\000D\000o\000c\000u\000m\000e\000n\000t\000a\000t\000i\000o\000n}{section.3.16}% 76
\BOOKMARK [3][-]{subsubsection.3.16.3.1}{\376\377\0003\000.\0001\0006\000.\0003\000.\0001\000\040\000a\000l\000l\000o\000c\000\050\000\051}{subsection.3.16.3}% 77
\BOOKMARK [3][-]{subsubsection.3.16.3.2}{\376\377\0003\000.\0001\0006\000.\0003\000.\0002\000\040\000h\000o\000o\000k\000\137\000a\000n\000t\000e\000\137\000l\000o\000o\000p\000\050\000\051}{subsection.3.16.3}% 78
\BOOKMARK [3][-]{subsubsection.3.16.3.3}{\376\377\0003\000.\0001\0006\000.\0003\000.\0003\000\040\000u\000p\000d\000a\000t\000e\000\137\000r\000h\000s\000\050\000\051}{subsection.3.16.3}% 79
\BOOKMARK [0][-]{section*.39}{\376\377\000I\000n\000d\000e\000x}{}% 80
